app/build/intermediates/manifest_merge_blame_file/debug/manifest-merger-blame-debug-report.txt
1<?xml version="1.0" encoding="utf-8"?>
2<manifest xmlns:android="http://schemas.android.com/apk/res/android"
3    package="com.example.norestart"
4    android:versionCode="1"
5    android:versionName="1.0" >
6
7    <uses-sdk
8        android:minSdkVersion="24"
8-->src/main/AndroidManifest.xml
9        android:targetSdkVersion="33" />
9-->src/main/AndroidManifest.xml
10
11    <application
11-->src/main/AndroidManifest.xml:4:5-19:19
12        android:allowBackup="false"
12-->src/main/AndroidManifest.xml:7:9-36
13        android:debuggable="true"
13-->src/main/AndroidManifest.xml:8:9-34
14        android:extractNativeLibs="false"
15        android:icon="@mipmap/ic_launcher"
15-->src/main/AndroidManifest.xml:6:9-43
16        android:label="NoRestartModule" >
16-->src/main/AndroidManifest.xml:5:9-40
17        <meta-data
17-->src/main/AndroidManifest.xml:10:9-12:35
18            android:name="xposedmodule"
18-->src/main/AndroidManifest.xml:11:13-40
19            android:value="true" />
19-->src/main/AndroidManifest.xml:12:13-33
20        <meta-data
20-->src/main/AndroidManifest.xml:13:9-15:75
21            android:name="xposeddescription"
21-->src/main/AndroidManifest.xml:14:13-45
22            android:value="Chặn app bị restart khi tháo chuột Bluetooth" />
22-->src/main/AndroidManifest.xml:15:13-73
23        <meta-data
23-->src/main/AndroidManifest.xml:16:9-18:33
24            android:name="xposedminversion"
24-->src/main/AndroidManifest.xml:17:13-44
25            android:value="82" />
25-->src/main/AndroidManifest.xml:18:13-31
26    </application>
27
28</manifest>